=== AI DOCUMENTATION DISCOVERY STARTED Tue Aug  5 12:26:50 PDT 2025 ===
[0;34m[INFO][0m Analyzing recent changes...
[0;34m[INFO][0m Analyzing recent changes...
[0;32m[SUCCESS][0m Recent changes found:     2164
[0;32m[SUCCESS][0m Recent changes found:     2164
[0;34m[INFO][0m Identifying new/modified functions...
[0;34m[INFO][0m Identifying new/modified functions...
[0;32m[SUCCESS][0m New functions found:        0
[0;32m[SUCCESS][0m New functions found:        0
[0;34m[INFO][0m Checking for new examples...
[0;34m[INFO][0m Checking for new examples...
[0;32m[SUCCESS][0m New examples found:        0
[0;32m[SUCCESS][0m New examples found:        0
[0;34m[INFO][0m Testing MkDocs build...
[0;34m[INFO][0m Testing MkDocs build...
[0;31m[ERROR][0m MkDocs build failed - check mkdocs_build.log
[0;31m[ERROR][0m MkDocs build failed - check mkdocs_build.log
[0;34m[INFO][0m Counting documentation files...
[0;34m[INFO][0m Counting documentation files...
[0;32m[SUCCESS][0m Documentation files:      190
[0;32m[SUCCESS][0m Documentation files:      190
[0;32m[SUCCESS][0m Dana examples:     1020
[0;32m[SUCCESS][0m Dana examples:     1020
[0;34m[INFO][0m Checking for documentation gaps...
[0;34m[INFO][0m Checking for documentation gaps...
[0;34m[INFO][0m Documentation gaps found:        0
[0;34m[INFO][0m Documentation gaps found:        0
[0;34m[INFO][0m Generating discovery summary...
[0;34m[INFO][0m Generating discovery summary...
[0;32m[SUCCESS][0m Discovery summary generated: /Users/annieha/opendxa/docs/.ai-only/ai_output/discovery_summary.txt
[0;32m[SUCCESS][0m Discovery summary generated: /Users/annieha/opendxa/docs/.ai-only/ai_output/discovery_summary.txt
SUCCESS: Discovery phase completed successfully
=== AI DOCUMENTATION DISCOVERY COMPLETE Tue Aug  5 12:29:01 PDT 2025 ===
