=== AI DOCUMENTATION QUALITY ASSURANCE STARTED Tue Aug  5 12:32:29 PDT 2025 ===
[0;34m[INFO][0m Running final Dana example test...
[0;34m[INFO][0m Final testing /Users/annieha/opendxa/docs/primers/agent.md...
[0;31m[ERROR][0m BROKEN: /Users/annieha/opendxa/docs/primers/agent.md
[0;34m[INFO][0m Final testing /Users/annieha/opendxa/docs/primers/struct_methods.md...
[0;31m[ERROR][0m BROKEN: /Users/annieha/opendxa/docs/primers/struct_methods.md
[0;34m[INFO][0m Final testing /Users/annieha/opendxa/docs/primers/workflow.md...
[0;31m[ERROR][0m BROKEN: /Users/annieha/opendxa/docs/primers/workflow.md
[0;34m[INFO][0m Final testing /Users/annieha/opendxa/docs/primers/import.md...
[0;31m[ERROR][0m BROKEN: /Users/annieha/opendxa/docs/primers/import.md
[0;34m[INFO][0m Final testing /Users/annieha/opendxa/docs/primers/poet.md...
[1;33m[WARNING][0m SKIP: /Users/annieha/opendxa/docs/primers/poet.md (contains advanced features - @poet, @workflow, or |> operators)
[0;34m[INFO][0m Final testing /Users/annieha/opendxa/docs/primers/comprehensions.md...
[0;31m[ERROR][0m BROKEN: /Users/annieha/opendxa/docs/primers/comprehensions.md
[0;34m[INFO][0m Final testing /Users/annieha/opendxa/docs/primers/lambda.md...
[0;31m[ERROR][0m BROKEN: /Users/annieha/opendxa/docs/primers/lambda.md
[0;34m[INFO][0m Final testing /Users/annieha/opendxa/docs/primers/workflow_and_poet.md...
[1;33m[WARNING][0m SKIP: /Users/annieha/opendxa/docs/primers/workflow_and_poet.md (contains advanced features - @poet, @workflow, or |> operators)
[0;34m[INFO][0m Final broken examples: 6/8 (2 skipped)
[0;34m[INFO][0m Running final MkDocs build test...
[0;32m[SUCCESS][0m Final build successful
[0;34m[INFO][0m Running content quality checks...
